
   *****       ***   vcfR   ***       *****
   This is vcfR 1.14.0 
     browseVignettes('vcfR') # Documentation
     citation('vcfR') # Citation
   *****       *****      *****       *****


Attaching package: ‘dplyr’

The following objects are masked from ‘package:stats’:

    filter, lag

The following objects are masked from ‘package:base’:

    intersect, setdiff, setequal, union

Scanning file to determine attributes.
File attributes:
  meta lines: 10
  header_line: 11
  variant count: 3170
  column count: 112
Meta line 10 read in.
All meta lines processed.
gt matrix initialized.
Character matrix gt created.
  Character matrix gt rows: 3170
  Character matrix gt cols: 112
  skip: 0
  nrows: 3170
  row_num: 0
Processed variant 1000Processed variant 2000Processed variant 3000Processed variant: 3170
All variants processed
Scanning file to determine attributes.
File attributes:
  meta lines: 10
  header_line: 11
  variant count: 3170
  column count: 112
Meta line 10 read in.
All meta lines processed.
gt matrix initialized.
Character matrix gt created.
  Character matrix gt rows: 3170
  Character matrix gt cols: 112
  skip: 0
  nrows: 3170
  row_num: 0
Processed variant 1000Processed variant 2000Processed variant 3000Processed variant: 3170
All variants processed
Variant 0 processedVariant 1000 processedVariant 2000 processedVariant 3000 processedVariant 3170 processed
Extracting gt element GT
Extracting gt element DP
Extracting gt element CATG
              V1
1   CPB112sample
2   CPB237sample
3   CPB238sample
4   CPB239sample
5   CPB240sample
6   CPB241sample
7     DT01sample
8     DT03sample
9     DT05sample
10    DT06sample
11     DT8sample
12 MN37431sample
13    UFG1sample
14    UFG2sample
